0 info it worked if it ends with ok
1 verbose cli [ '/usr/local/bin/node', '/usr/local/bin/npm', 'run', 'dev' ]
2 info using npm@3.10.10
3 info using node@v7.2.1
4 verbose run-script [ 'predev', 'dev', 'postdev' ]
5 info lifecycle StocKGop@0.0.1~predev: StocKGop@0.0.1
6 silly lifecycle StocKGop@0.0.1~predev: no script for predev, continuing
7 info lifecycle StocKGop@0.0.1~dev: StocKGop@0.0.1
8 verbose lifecycle StocKGop@0.0.1~dev: unsafe-perm in lifecycle true
9 verbose lifecycle StocKGop@0.0.1~dev: PATH: /usr/local/lib/node_modules/npm/bin/node-gyp-bin:/home/imiedev/angular/node_modules/.bin:/home/imiedev/bin:/home/imiedev/.local/bin:/usr/local/sbin:/usr/local/bin:/usr/sbin:/usr/bin:/sbin:/bin:/usr/games:/usr/local/games:/snap/bin
10 verbose lifecycle StocKGop@0.0.1~dev: CWD: /home/imiedev/angular
11 silly lifecycle StocKGop@0.0.1~dev: Args: [ '-c', 'tsc && concurrently "npm start" "gulp"' ]
12 silly lifecycle StocKGop@0.0.1~dev: Returned: code: 2  signal: null
13 info lifecycle StocKGop@0.0.1~dev: Failed to exec dev script
14 verbose stack Error: StocKGop@0.0.1 dev: `tsc && concurrently "npm start" "gulp"`
14 verbose stack Exit status 2
14 verbose stack     at EventEmitter.<anonymous> (/usr/local/lib/node_modules/npm/lib/utils/lifecycle.js:255:16)
14 verbose stack     at emitTwo (events.js:106:13)
14 verbose stack     at EventEmitter.emit (events.js:191:7)
14 verbose stack     at ChildProcess.<anonymous> (/usr/local/lib/node_modules/npm/lib/utils/spawn.js:40:14)
14 verbose stack     at emitTwo (events.js:106:13)
14 verbose stack     at ChildProcess.emit (events.js:191:7)
14 verbose stack     at maybeClose (internal/child_process.js:885:16)
14 verbose stack     at Process.ChildProcess._handle.onexit (internal/child_process.js:226:5)
15 verbose pkgid StocKGop@0.0.1
16 verbose cwd /home/imiedev/angular
17 error Linux 4.4.0-47-generic
18 error argv "/usr/local/bin/node" "/usr/local/bin/npm" "run" "dev"
19 error node v7.2.1
20 error npm  v3.10.10
21 error code ELIFECYCLE
22 error StocKGop@0.0.1 dev: `tsc && concurrently "npm start" "gulp"`
22 error Exit status 2
23 error Failed at the StocKGop@0.0.1 dev script 'tsc && concurrently "npm start" "gulp"'.
23 error Make sure you have the latest version of node.js and npm installed.
23 error If you do, this is most likely a problem with the StocKGop package,
23 error not with npm itself.
23 error Tell the author that this fails on your system:
23 error     tsc && concurrently "npm start" "gulp"
23 error You can get information on how to open an issue for this project with:
23 error     npm bugs StocKGop
23 error Or if that isn't available, you can get their info via:
23 error     npm owner ls StocKGop
23 error There is likely additional logging output above.
24 verbose exit [ 1, true ]
